# JRE version: OpenJDK Runtime Environment (8.0_242-b01) (build 1.8.0_242-release-1644-b01)
# Java VM: OpenJDK 64-Bit Server VM (25.242-b01 mixed mode windows-amd64 compressed oops)
Heap:
 PSYoungGen      total 453120K, used 197931K [0x00000000d5580000, 0x00000000f6300000, 0x0000000100000000)
  eden space 423936K, 39% used [0x00000000d5580000,0x00000000dfa50f00,0x00000000ef380000)
  from space 29184K, 99% used [0x00000000ef380000,0x00000000f0ff9e98,0x00000000f1000000)
  to   space 36352K, 0% used [0x00000000f3f80000,0x00000000f3f80000,0x00000000f6300000)
 ParOldGen       total 161792K, used 63218K [0x0000000080000000, 0x0000000089e00000, 0x00000000d5580000)
  object space 161792K, 39% used [0x0000000080000000,0x0000000083dbc9b0,0x0000000089e00000)
 Metaspace       used 105294K, capacity 110506K, committed 110640K, reserved 1144832K
  class space    used 13602K, capacity 14639K, committed 14640K, reserved 1048576K
GC Heap History (10 events):
Event: 3953.111 GC heap before
{Heap before GC invocations=31 (full 4):
 PSYoungGen      total 363520K, used 339667K [0x00000000d5580000, 0x00000000edd80000, 0x0000000100000000)
  eden space 333824K, 100% used [0x00000000d5580000,0x00000000e9b80000,0x00000000e9b80000)
  from space 29696K, 19% used [0x00000000ec080000,0x00000000ec634d70,0x00000000edd80000)
  to   space 33792K, 0% used [0x00000000e9b80000,0x00000000e9b80000,0x00000000ebc80000)
 ParOldGen       total 161792K, used 54747K [0x0000000080000000, 0x0000000089e00000, 0x00000000d5580000)
  object space 161792K, 33% used [0x0000000080000000,0x0000000083576cd8,0x0000000089e00000)
 Metaspace       used 89442K, capacity 93098K, committed 94768K, reserved 1132544K
  class space    used 11573K, capacity 12266K, committed 12592K, reserved 1048576K
Event: 3953.191 GC heap after
Heap after GC invocations=31 (full 4):
 PSYoungGen      total 367616K, used 15095K [0x00000000d5580000, 0x00000000f0900000, 0x0000000100000000)
  eden space 333824K, 0% used [0x00000000d5580000,0x00000000d5580000,0x00000000e9b80000)
  from space 33792K, 44% used [0x00000000e9b80000,0x00000000eaa3df30,0x00000000ebc80000)
  to   space 32256K, 0% used [0x00000000ee980000,0x00000000ee980000,0x00000000f0900000)
 ParOldGen       total 161792K, used 54747K [0x0000000080000000, 0x0000000089e00000, 0x00000000d5580000)
  object space 161792K, 33% used [0x0000000080000000,0x0000000083576cd8,0x0000000089e00000)
 Metaspace       used 89442K, capacity 93098K, committed 94768K, reserved 1132544K
  class space    used 11573K, capacity 12266K, committed 12592K, reserved 1048576K
}
Event: 3958.060 GC heap before
{Heap before GC invocations=32 (full 4):
 PSYoungGen      total 367616K, used 348919K [0x00000000d5580000, 0x00000000f0900000, 0x0000000100000000)
  eden space 333824K, 100% used [0x00000000d5580000,0x00000000e9b80000,0x00000000e9b80000)
  from space 33792K, 44% used [0x00000000e9b80000,0x00000000eaa3df30,0x00000000ebc80000)
  to   space 32256K, 0% used [0x00000000ee980000,0x00000000ee980000,0x00000000f0900000)
 ParOldGen       total 161792K, used 54747K [0x0000000080000000, 0x0000000089e00000, 0x00000000d5580000)
  object space 161792K, 33% used [0x0000000080000000,0x0000000083576cd8,0x0000000089e00000)
 Metaspace       used 89488K, capacity 93248K, committed 94768K, reserved 1132544K
  class space    used 11575K, capacity 12269K, committed 12592K, reserved 1048576K
Event: 3958.115 GC heap after
Heap after GC invocations=32 (full 4):
 PSYoungGen      total 408576K, used 16171K [0x00000000d5580000, 0x00000000f0600000, 0x0000000100000000)
  eden space 379392K, 0% used [0x00000000d5580000,0x00000000d5580000,0x00000000ec800000)
  from space 29184K, 55% used [0x00000000ee980000,0x00000000ef94ac30,0x00000000f0600000)
  to   space 31744K, 0% used [0x00000000ec800000,0x00000000ec800000,0x00000000ee700000)
 ParOldGen       total 161792K, used 54755K [0x0000000080000000, 0x0000000089e00000, 0x00000000d5580000)
  object space 161792K, 33% used [0x0000000080000000,0x0000000083578cd8,0x0000000089e00000)
 Metaspace       used 89488K, capacity 93248K, committed 94768K, reserved 1132544K
  class space    used 11575K, capacity 12269K, committed 12592K, reserved 1048576K
}
Event: 3963.702 GC heap before
{Heap before GC invocations=33 (full 4):
 PSYoungGen      total 408576K, used 395563K [0x00000000d5580000, 0x00000000f0600000, 0x0000000100000000)
  eden space 379392K, 100% used [0x00000000d5580000,0x00000000ec800000,0x00000000ec800000)
  from space 29184K, 55% used [0x00000000ee980000,0x00000000ef94ac30,0x00000000f0600000)
  to   space 31744K, 0% used [0x00000000ec800000,0x00000000ec800000,0x00000000ee700000)
 ParOldGen       total 161792K, used 54755K [0x0000000080000000, 0x0000000089e00000, 0x00000000d5580000)
  object space 161792K, 33% used [0x0000000080000000,0x0000000083578cd8,0x0000000089e00000)
 Metaspace       used 89844K, capacity 93638K, committed 95024K, reserved 1132544K
  class space    used 11615K, capacity 12320K, committed 12592K, reserved 1048576K
Event: 3963.773 GC heap after
Heap after GC invocations=33 (full 4):
 PSYoungGen      total 411136K, used 14374K [0x00000000d5580000, 0x00000000f3400000, 0x0000000100000000)
  eden space 379392K, 0% used [0x00000000d5580000,0x00000000d5580000,0x00000000ec800000)
  from space 31744K, 45% used [0x00000000ec800000,0x00000000ed609a08,0x00000000ee700000)
  to   space 30208K, 0% used [0x00000000f1680000,0x00000000f1680000,0x00000000f3400000)
 ParOldGen       total 161792K, used 54763K [0x0000000080000000, 0x0000000089e00000, 0x00000000d5580000)
  object space 161792K, 33% used [0x0000000080000000,0x000000008357acd8,0x0000000089e00000)
 Metaspace       used 89844K, capacity 93638K, committed 95024K, reserved 1132544K
  class space    used 11615K, capacity 12320K, committed 12592K, reserved 1048576K
}
Event: 3972.431 GC heap before
{Heap before GC invocations=34 (full 4):
 PSYoungGen      total 411136K, used 393766K [0x00000000d5580000, 0x00000000f3400000, 0x0000000100000000)
  eden space 379392K, 100% used [0x00000000d5580000,0x00000000ec800000,0x00000000ec800000)
  from space 31744K, 45% used [0x00000000ec800000,0x00000000ed609a08,0x00000000ee700000)
  to   space 30208K, 0% used [0x00000000f1680000,0x00000000f1680000,0x00000000f3400000)
 ParOldGen       total 161792K, used 54763K [0x0000000080000000, 0x0000000089e00000, 0x00000000d5580000)
  object space 161792K, 33% used [0x0000000080000000,0x000000008357acd8,0x0000000089e00000)
 Metaspace       used 91114K, capacity 95048K, committed 96176K, reserved 1132544K
  class space    used 11782K, capacity 12507K, committed 12720K, reserved 1048576K
Event: 3972.462 GC heap after
Heap after GC invocations=34 (full 4):
 PSYoungGen      total 446464K, used 9959K [0x00000000d5580000, 0x00000000f2c80000, 0x0000000100000000)
  eden space 423936K, 0% used [0x00000000d5580000,0x00000000d5580000,0x00000000ef380000)
  from space 22528K, 44% used [0x00000000f1680000,0x00000000f2039ed8,0x00000000f2c80000)
  to   space 29184K, 0% used [0x00000000ef380000,0x00000000ef380000,0x00000000f1000000)
 ParOldGen       total 161792K, used 54771K [0x0000000080000000, 0x0000000089e00000, 0x00000000d5580000)
  object space 161792K, 33% used [0x0000000080000000,0x000000008357ccd8,0x0000000089e00000)
 Metaspace       used 91114K, capacity 95048K, committed 96176K, reserved 1132544K
  class space    used 11782K, capacity 12507K, committed 12720K, reserved 1048576K
}
Event: 4174.770 GC heap before
{Heap before GC invocations=35 (full 4):
 PSYoungGen      total 446464K, used 433895K [0x00000000d5580000, 0x00000000f2c80000, 0x0000000100000000)
  eden space 423936K, 100% used [0x00000000d5580000,0x00000000ef380000,0x00000000ef380000)
  from space 22528K, 44% used [0x00000000f1680000,0x00000000f2039ed8,0x00000000f2c80000)
  to   space 29184K, 0% used [0x00000000ef380000,0x00000000ef380000,0x00000000f1000000)
 ParOldGen       total 161792K, used 54771K [0x0000000080000000, 0x0000000089e00000, 0x00000000d5580000)
  object space 161792K, 33% used [0x0000000080000000,0x000000008357ccd8,0x0000000089e00000)
 Metaspace       used 105234K, capacity 110406K, committed 110640K, reserved 1144832K
  class space    used 13599K, capacity 14633K, committed 14640K, reserved 1048576K
Event: 4174.888 GC heap after
Heap after GC invocations=35 (full 4):
 PSYoungGen      total 453120K, used 29159K [0x00000000d5580000, 0x00000000f6300000, 0x0000000100000000)
  eden space 423936K, 0% used [0x00000000d5580000,0x00000000d5580000,0x00000000ef380000)
  from space 29184K, 99% used [0x00000000ef380000,0x00000000f0ff9e98,0x00000000f1000000)
  to   space 36352K, 0% used [0x00000000f3f80000,0x00000000f3f80000,0x00000000f6300000)
 ParOldGen       total 161792K, used 63218K [0x0000000080000000, 0x0000000089e00000, 0x00000000d5580000)
  object space 161792K, 39% used [0x0000000080000000,0x0000000083dbc9b0,0x0000000089e00000)
 Metaspace       used 105234K, capacity 110406K, committed 110640K, reserved 1144832K
  class space    used 13599K, capacity 14633K, committed 14640K, reserved 1048576K
}

